19:41:22.061 [main                     ] DEBUG Logger               - Configured Logger
19:41:22.079 [main                     ] DEBUG GameApplication      - Logging settings
Title: Basic Game App
Version: 0.1
Width: 600
Height: 600
Fullscreen: false
Intro: false
Profiling: false
Single step:false
App Mode: DEVELOPER
Menu Key: ESCAPE
Stage Style: DECORATED
Scene Factory: class com.almasb.fxgl.app.scene.SceneFactory

19:41:22.366 [JavaFX Application Thread] DEBUG FXGLApplication      - Initializing FXGL
19:41:22.370 [JavaFX Application Thread] INFO  Engine               - FXGL-17.2 (20.08.2022 16.50) on WINDOWS (J:19 FX:19-ea)
19:41:22.370 [JavaFX Application Thread] DEBUG Engine               - JRE Vendor Name: Oracle Corporation
19:41:22.370 [JavaFX Application Thread] DEBUG Engine               - Running on OS: Windows 11 version 10.0
19:41:22.370 [JavaFX Application Thread] DEBUG Engine               - Architecture: amd64
19:41:22.371 [JavaFX Application Thread] INFO  Engine               - Source code and latest versions at: https://github.com/AlmasB/FXGL
19:41:22.371 [JavaFX Application Thread] INFO  Engine               -       Ask questions and discuss at: https://github.com/AlmasB/FXGL/discussions
19:41:22.371 [JavaFX Application Thread] INFO  Engine               -              Join the FXGL chat at: https://gitter.im/AlmasB/FXGL
19:41:22.434 [JavaFX Application Thread] DEBUG PrimaryStageWindow   - Creating a JavaFX scene
19:41:22.467 [JavaFX Application Thread] DEBUG PrimaryStageWindow   - Target settings size: 600.0 x 600.0
19:41:22.467 [JavaFX Application Thread] DEBUG PrimaryStageWindow   - Scaled scene size:    600.0 x 600.0
19:41:22.467 [JavaFX Application Thread] DEBUG PrimaryStageWindow   - Scaled ratio: (1.0, 1.0)
19:41:22.468 [JavaFX Application Thread] DEBUG PrimaryStageWindow   - Set initial scene to FXGLStartupScene
19:41:22.474 [JavaFX Application Thread] DEBUG PrimaryStageWindow   - Opening main window
19:41:22.534 [JavaFX Application Thread] DEBUG PrimaryStageWindow   - Window border size: (14.66668701171875, 37.33331298828125)
19:41:22.534 [JavaFX Application Thread] DEBUG PrimaryStageWindow   - Scaled size: 600.0 x 600.0
19:41:22.534 [JavaFX Application Thread] DEBUG PrimaryStageWindow   - Scaled ratio: (1.0, 1.0)
19:41:22.534 [JavaFX Application Thread] DEBUG PrimaryStageWindow   - Scene size: 600.0 x 600.0
19:41:22.534 [JavaFX Application Thread] DEBUG PrimaryStageWindow   - Stage size: 614.6666870117188 x 637.3333129882812
19:41:22.541 [FXGL Background Thread 1 ] DEBUG Engine               - Initializing environment variables
19:41:22.580 [FXGL Background Thread 1 ] DEBUG FXGLAssetLoaderServi - User app class for loading assets: class com.game.SnakeGameApplication
19:41:22.580 [FXGL Background Thread 1 ] DEBUG GameApplicationServi - Applying CSS: fxgl_dark.css
19:41:22.581 [FXGL Background Thread 1 ] DEBUG FXGLAssetLoaderServi - Loading from file system: jar:file:///C:/Users/Jone/.m2/repository/com/github/almasb/fxgl/17.2/fxgl-17.2.jar!/fxglassets/ui/css/fxgl_dark.css
19:41:22.613 [FXGL Background Thread 1 ] DEBUG GameApplicationServi - Initializing application scenes
19:41:22.633 [FXGL Background Thread 1 ] DEBUG GameWorld            - Game world initialized
19:41:22.680 [FXGL Background Thread 1 ] DEBUG PhysicsWorld         - Physics world initialized: appHeight=600, physics.ppm=50.0
19:41:22.681 [FXGL Background Thread 1 ] DEBUG PhysicsWorld         - Using strategy: BRUTE_FORCE
19:41:22.683 [FXGL Background Thread 1 ] DEBUG GameScene            - Game scene initialized: 600x600
19:41:22.692 [FXGL Background Thread 1 ] WARN  FXGL.DefaultMenu     - FXGLDefaultMenu is not designed for resolutions < 800x600
19:41:22.692 [FXGL Background Thread 1 ] DEBUG FXGL.DefaultMenu     - createMenuBodyGameMenu()
19:41:22.701 [FXGL Background Thread 1 ] DEBUG FXGL.DefaultMenu     - createOptionsMenu()
19:41:22.708 [FXGL Background Thread 1 ] DEBUG FXGLAssetLoaderServi - Loading from file system: jar:file:///C:/Users/Jone/.m2/repository/com/github/almasb/fxgl/17.2/fxgl-17.2.jar!/fxglassets/textures/particles/smoke.png
19:41:22.767 [FXGL Background Thread 1 ] DEBUG FXGLAssetLoaderServi - Loading from file system: jar:file:///C:/Users/Jone/.m2/repository/com/github/almasb/fxgl/17.2/fxgl-17.2.jar!/fxglassets/textures/particles/trace_horizontal.png
19:41:22.788 [FXGL Background Thread 1 ] DEBUG GameApplicationServi - Application scenes initialized
19:41:22.797 [FXGL Background Thread 1 ] DEBUG SystemBundleService  - Loading FXGL system data
19:41:22.800 [FXGL Background Thread 1 ] DEBUG FileSystemAccess     - Reading from: C:\Users\Jone\Documents\Nottingham Uni Work\dms cw\comp2013-coursework\system\fxgl.bundle
19:41:22.808 [FXGL Background Thread 1 ] DEBUG SystemBundleService  - Bundle FXGL: {}
19:41:22.808 [FXGL Background Thread 1 ] DEBUG UpdaterService       - Checking for updates
19:41:22.812 [FXGL Background Thread 4 ] DEBUG FXGLApplication      - Loading fonts
19:41:22.812 [FXGL Background Thread 1 ] DEBUG FXGLApplication      - Loading default localization
19:41:22.812 [FXGL Background Thread 4 ] DEBUG FXGLAssetLoaderServi - Loading from file system: jar:file:///C:/Users/Jone/.m2/repository/com/github/almasb/fxgl/17.2/fxgl-17.2.jar!/fxglassets/ui/fonts/VarelaRound-Regular.ttf
19:41:22.812 [FXGL Background Thread 1 ] DEBUG FXGLAssetLoaderServi - Loading from file system: jar:file:///C:/Users/Jone/.m2/repository/com/github/almasb/fxgl/17.2/fxgl-17.2.jar!/fxglassets/languages/english.lang
19:41:22.827 [FXGL Background Thread 1 ] INFO  FXGLApplication      - FXGL initialization took: 0.286 sec
19:41:22.828 [JavaFX Application Thread] DEBUG FXGLAssetLoaderServi - Loading from file system: jar:file:///C:/Users/Jone/.m2/repository/com/github/almasb/fxgl/17.2/fxgl-17.2.jar!/fxglassets/textures/fxgl_icon.png
19:41:22.848 [JavaFX Application Thread] DEBUG FXGLAssetLoaderServi - Loading from file system: jar:file:///C:/Users/Jone/.m2/repository/com/github/almasb/fxgl/17.2/fxgl-17.2.jar!/fxglassets/textures/fxgl_default_cursor.png
19:41:22.864 [JavaFX Application Thread] DEBUG Input                - Registered new binding: Screenshot - CTRL+8
19:41:22.864 [JavaFX Application Thread] DEBUG Input                - Registered new binding: System info dump - CTRL+9
19:41:22.865 [JavaFX Application Thread] DEBUG Input                - Registered new binding: Restart - CTRL+R
19:41:22.866 [JavaFX Application Thread] DEBUG Input                - Registered new binding: Toggle Debug Camera - CTRL+7
19:41:22.867 [FXGL Background Thread 4 ] DEBUG FXGLAssetLoaderServi - Loading from file system: jar:file:///C:/Users/Jone/.m2/repository/com/github/almasb/fxgl/17.2/fxgl-17.2.jar!/fxglassets/ui/fonts/Abel-Regular.ttf
19:41:22.867 [JavaFX Application Thread] DEBUG LoopRunner           - Starting loop
19:41:22.868 [JavaFX Application Thread] DEBUG LoopRunner           - Initializing JavaFX AnimationTimerLoop
19:41:22.870 [JavaFX Application Thread] DEBUG GameApplicationServi - Starting new game
19:41:22.870 [JavaFX Application Thread] DEBUG Input                - Clearing active input actions
19:41:22.872 [FXGL Background Thread 4 ] DEBUG FXGLAssetLoaderServi - Loading from file system: jar:file:///C:/Users/Jone/.m2/repository/com/github/almasb/fxgl/17.2/fxgl-17.2.jar!/fxglassets/ui/fonts/TerminalLandMono-Regular.otf
19:41:22.875 [FXGL Background Thread 4 ] DEBUG FXGLAssetLoaderServi - Loading from file system: jar:file:///C:/Users/Jone/.m2/repository/com/github/almasb/fxgl/17.2/fxgl-17.2.jar!/fxglassets/ui/fonts/Courier-Prime.ttf
19:41:22.880 [JavaFX Application Thread] DEBUG GameApplicationServi - Removing overlay from FXGLStartupScene and adding to FXGLLoadingScene
19:41:22.881 [JavaFX Application Thread] DEBUG PrimaryStageWindow   - FXGLStartupScene -> FXGLLoadingScene
19:41:22.881 [JavaFX Application Thread] DEBUG GameApplicationServi - Clearing previous game
19:41:22.881 [JavaFX Application Thread] DEBUG GameScene            - Clearing game scene
19:41:22.881 [JavaFX Application Thread] DEBUG GameWorld            - Clearing game world
19:41:22.881 [JavaFX Application Thread] DEBUG PhysicsWorld         - Clearing physics world
19:41:22.883 [FXGL Background Thread 4 ] DEBUG FXGLApplication      - Initializing game
19:41:22.903 [FXGL Background Thread 4 ] WARN  FXGLAssetLoaderServi - Asset "/assets/textures//snake-head.png" was not found!
19:41:22.904 [FXGL Background Thread 4 ] WARN  FXGLAssetLoaderServi - Failed to load RESIZABLE_IMAGE
19:41:22.917 [JavaFX Application Thread] DEBUG FXGLApplication      - Registering font factories with UI factory
19:41:22.973 [FXGL Background Thread 4 ] WARN  GameWorld            - Entity is already attached to world
19:41:22.973 [FXGL Background Thread 4 ] INFO  FXGLApplication      - Game initialization took: 0.090 sec
19:41:22.974 [JavaFX Application Thread] DEBUG Input                - Clearing active input actions
19:41:22.985 [JavaFX Application Thread] DEBUG GameApplicationServi - Removing overlay from FXGLLoadingScene and adding to GameScene
19:41:22.985 [JavaFX Application Thread] DEBUG PrimaryStageWindow   - FXGLLoadingScene -> GameScene
19:41:25.633 [JavaFX Application Thread] DEBUG FXGLApplication      - Exiting FXGL
19:41:25.633 [JavaFX Application Thread] DEBUG LoopRunner           - Stopping loop
19:41:25.633 [JavaFX Application Thread] DEBUG SystemBundleService  - Saving FXGL system data
19:41:25.634 [JavaFX Application Thread] DEBUG FileSystemAccess     - Writing to: C:\Users\Jone\Documents\Nottingham Uni Work\dms cw\comp2013-coursework\system\fxgl.bundle
19:41:25.636 [JavaFX Application Thread] DEBUG Async                - Shutting down background threads
19:41:25.636 [JavaFX Application Thread] DEBUG PrimaryStageWindow   - Closing main window
19:41:25.643 [JavaFX Application Thread] DEBUG Logger               - Closing Logger
