19:38:23.208 [main                     ] DEBUG Logger               - Configured Logger
19:38:23.227 [main                     ] DEBUG GameApplication      - Logging settings
Title: Basic Game App
Version: 0.1
Width: 600
Height: 600
Fullscreen: false
Intro: false
Profiling: false
Single step:false
App Mode: DEVELOPER
Menu Key: ESCAPE
Stage Style: DECORATED
Scene Factory: class com.almasb.fxgl.app.scene.SceneFactory

19:38:23.528 [JavaFX Application Thread] DEBUG FXGLApplication      - Initializing FXGL
19:38:23.532 [JavaFX Application Thread] INFO  Engine               - FXGL-17.2 (20.08.2022 16.50) on WINDOWS (J:19 FX:19-ea)
19:38:23.533 [JavaFX Application Thread] DEBUG Engine               - JRE Vendor Name: Oracle Corporation
19:38:23.533 [JavaFX Application Thread] DEBUG Engine               - Running on OS: Windows 11 version 10.0
19:38:23.533 [JavaFX Application Thread] DEBUG Engine               - Architecture: amd64
19:38:23.533 [JavaFX Application Thread] INFO  Engine               - Source code and latest versions at: https://github.com/AlmasB/FXGL
19:38:23.533 [JavaFX Application Thread] INFO  Engine               -       Ask questions and discuss at: https://github.com/AlmasB/FXGL/discussions
19:38:23.533 [JavaFX Application Thread] INFO  Engine               -              Join the FXGL chat at: https://gitter.im/AlmasB/FXGL
19:38:23.593 [JavaFX Application Thread] DEBUG PrimaryStageWindow   - Creating a JavaFX scene
19:38:23.625 [JavaFX Application Thread] DEBUG PrimaryStageWindow   - Target settings size: 600.0 x 600.0
19:38:23.625 [JavaFX Application Thread] DEBUG PrimaryStageWindow   - Scaled scene size:    600.0 x 600.0
19:38:23.625 [JavaFX Application Thread] DEBUG PrimaryStageWindow   - Scaled ratio: (1.0, 1.0)
19:38:23.626 [JavaFX Application Thread] DEBUG PrimaryStageWindow   - Set initial scene to FXGLStartupScene
19:38:23.631 [JavaFX Application Thread] DEBUG PrimaryStageWindow   - Opening main window
19:38:23.695 [JavaFX Application Thread] DEBUG PrimaryStageWindow   - Window border size: (14.66668701171875, 37.33331298828125)
19:38:23.695 [JavaFX Application Thread] DEBUG PrimaryStageWindow   - Scaled size: 600.0 x 600.0
19:38:23.695 [JavaFX Application Thread] DEBUG PrimaryStageWindow   - Scaled ratio: (1.0, 1.0)
19:38:23.695 [JavaFX Application Thread] DEBUG PrimaryStageWindow   - Scene size: 600.0 x 600.0
19:38:23.695 [JavaFX Application Thread] DEBUG PrimaryStageWindow   - Stage size: 614.6666870117188 x 637.3333129882812
19:38:23.701 [FXGL Background Thread 1 ] DEBUG Engine               - Initializing environment variables
19:38:23.740 [FXGL Background Thread 1 ] DEBUG FXGLAssetLoaderServi - User app class for loading assets: class com.game.SnakeGameApplication
19:38:23.740 [FXGL Background Thread 1 ] DEBUG GameApplicationServi - Applying CSS: fxgl_dark.css
19:38:23.741 [FXGL Background Thread 1 ] DEBUG FXGLAssetLoaderServi - Loading from file system: jar:file:///C:/Users/Jone/.m2/repository/com/github/almasb/fxgl/17.2/fxgl-17.2.jar!/fxglassets/ui/css/fxgl_dark.css
19:38:23.772 [FXGL Background Thread 1 ] DEBUG GameApplicationServi - Initializing application scenes
19:38:23.795 [FXGL Background Thread 1 ] DEBUG GameWorld            - Game world initialized
19:38:23.849 [FXGL Background Thread 1 ] DEBUG PhysicsWorld         - Physics world initialized: appHeight=600, physics.ppm=50.0
19:38:23.849 [FXGL Background Thread 1 ] DEBUG PhysicsWorld         - Using strategy: BRUTE_FORCE
19:38:23.852 [FXGL Background Thread 1 ] DEBUG GameScene            - Game scene initialized: 600x600
19:38:23.862 [FXGL Background Thread 1 ] WARN  FXGL.DefaultMenu     - FXGLDefaultMenu is not designed for resolutions < 800x600
19:38:23.862 [FXGL Background Thread 1 ] DEBUG FXGL.DefaultMenu     - createMenuBodyGameMenu()
19:38:23.872 [FXGL Background Thread 1 ] DEBUG FXGL.DefaultMenu     - createOptionsMenu()
19:38:23.879 [FXGL Background Thread 1 ] DEBUG FXGLAssetLoaderServi - Loading from file system: jar:file:///C:/Users/Jone/.m2/repository/com/github/almasb/fxgl/17.2/fxgl-17.2.jar!/fxglassets/textures/particles/smoke.png
19:38:23.938 [FXGL Background Thread 1 ] DEBUG FXGLAssetLoaderServi - Loading from file system: jar:file:///C:/Users/Jone/.m2/repository/com/github/almasb/fxgl/17.2/fxgl-17.2.jar!/fxglassets/textures/particles/trace_horizontal.png
19:38:23.964 [FXGL Background Thread 1 ] DEBUG GameApplicationServi - Application scenes initialized
19:38:23.973 [FXGL Background Thread 1 ] DEBUG SystemBundleService  - Loading FXGL system data
19:38:23.977 [FXGL Background Thread 1 ] DEBUG FileSystemAccess     - Reading from: C:\Users\Jone\Documents\Nottingham Uni Work\dms cw\comp2013-coursework\system\fxgl.bundle
19:38:23.985 [FXGL Background Thread 1 ] DEBUG SystemBundleService  - Bundle FXGL: {}
19:38:23.985 [FXGL Background Thread 1 ] DEBUG UpdaterService       - Checking for updates
19:38:23.988 [FXGL Background Thread 4 ] DEBUG FXGLApplication      - Loading fonts
19:38:23.989 [FXGL Background Thread 1 ] DEBUG FXGLApplication      - Loading default localization
19:38:23.989 [FXGL Background Thread 4 ] DEBUG FXGLAssetLoaderServi - Loading from file system: jar:file:///C:/Users/Jone/.m2/repository/com/github/almasb/fxgl/17.2/fxgl-17.2.jar!/fxglassets/ui/fonts/VarelaRound-Regular.ttf
19:38:23.989 [FXGL Background Thread 1 ] DEBUG FXGLAssetLoaderServi - Loading from file system: jar:file:///C:/Users/Jone/.m2/repository/com/github/almasb/fxgl/17.2/fxgl-17.2.jar!/fxglassets/languages/english.lang
19:38:24.014 [FXGL Background Thread 1 ] INFO  FXGLApplication      - FXGL initialization took: 0.313 sec
19:38:24.015 [JavaFX Application Thread] DEBUG FXGLAssetLoaderServi - Loading from file system: jar:file:///C:/Users/Jone/.m2/repository/com/github/almasb/fxgl/17.2/fxgl-17.2.jar!/fxglassets/textures/fxgl_icon.png
19:38:24.034 [JavaFX Application Thread] DEBUG FXGLAssetLoaderServi - Loading from file system: jar:file:///C:/Users/Jone/.m2/repository/com/github/almasb/fxgl/17.2/fxgl-17.2.jar!/fxglassets/textures/fxgl_default_cursor.png
19:38:24.043 [FXGL Background Thread 4 ] DEBUG FXGLAssetLoaderServi - Loading from file system: jar:file:///C:/Users/Jone/.m2/repository/com/github/almasb/fxgl/17.2/fxgl-17.2.jar!/fxglassets/ui/fonts/Abel-Regular.ttf
19:38:24.044 [JavaFX Application Thread] DEBUG Input                - Registered new binding: Screenshot - CTRL+8
19:38:24.045 [JavaFX Application Thread] DEBUG Input                - Registered new binding: System info dump - CTRL+9
19:38:24.045 [JavaFX Application Thread] DEBUG Input                - Registered new binding: Restart - CTRL+R
19:38:24.046 [JavaFX Application Thread] DEBUG Input                - Registered new binding: Toggle Debug Camera - CTRL+7
19:38:24.046 [FXGL Background Thread 4 ] DEBUG FXGLAssetLoaderServi - Loading from file system: jar:file:///C:/Users/Jone/.m2/repository/com/github/almasb/fxgl/17.2/fxgl-17.2.jar!/fxglassets/ui/fonts/TerminalLandMono-Regular.otf
19:38:24.048 [JavaFX Application Thread] DEBUG LoopRunner           - Starting loop
19:38:24.048 [JavaFX Application Thread] DEBUG LoopRunner           - Initializing JavaFX AnimationTimerLoop
19:38:24.049 [JavaFX Application Thread] DEBUG GameApplicationServi - Starting new game
19:38:24.049 [JavaFX Application Thread] DEBUG Input                - Clearing active input actions
19:38:24.049 [FXGL Background Thread 4 ] DEBUG FXGLAssetLoaderServi - Loading from file system: jar:file:///C:/Users/Jone/.m2/repository/com/github/almasb/fxgl/17.2/fxgl-17.2.jar!/fxglassets/ui/fonts/Courier-Prime.ttf
19:38:24.056 [JavaFX Application Thread] DEBUG GameApplicationServi - Removing overlay from FXGLStartupScene and adding to FXGLLoadingScene
19:38:24.056 [JavaFX Application Thread] DEBUG PrimaryStageWindow   - FXGLStartupScene -> FXGLLoadingScene
19:38:24.057 [JavaFX Application Thread] DEBUG GameApplicationServi - Clearing previous game
19:38:24.057 [JavaFX Application Thread] DEBUG GameScene            - Clearing game scene
19:38:24.057 [JavaFX Application Thread] DEBUG GameWorld            - Clearing game world
19:38:24.057 [JavaFX Application Thread] DEBUG PhysicsWorld         - Clearing physics world
19:38:24.058 [FXGL Background Thread 4 ] DEBUG FXGLApplication      - Initializing game
19:38:24.058 [JavaFX Application Thread] DEBUG FXGLApplication      - Registering font factories with UI factory
19:38:24.075 [FXGL Background Thread 4 ] WARN  FXGLAssetLoaderServi - Asset "/assets/textures/snake-head.png" was not found!
19:38:24.075 [FXGL Background Thread 4 ] WARN  FXGLAssetLoaderServi - Failed to load RESIZABLE_IMAGE
19:38:24.148 [FXGL Background Thread 4 ] WARN  GameWorld            - Entity is already attached to world
19:38:24.148 [FXGL Background Thread 4 ] INFO  FXGLApplication      - Game initialization took: 0.090 sec
19:38:24.148 [JavaFX Application Thread] DEBUG Input                - Clearing active input actions
19:38:24.155 [JavaFX Application Thread] DEBUG GameApplicationServi - Removing overlay from FXGLLoadingScene and adding to GameScene
19:38:24.155 [JavaFX Application Thread] DEBUG PrimaryStageWindow   - FXGLLoadingScene -> GameScene
19:38:26.988 [FXGL Background Thread 3 ] DEBUG Engine               - Logging environment variables
19:38:26.988 [FXGL Background Thread 3 ] DEBUG Engine               - achievements: []
19:38:26.988 [FXGL Background Thread 3 ] DEBUG Engine               - actualHeight: 600.0
19:38:26.988 [FXGL Background Thread 3 ] DEBUG Engine               - actualHeightProperty: ReadOnlyDoubleProperty [value: 600.0]
19:38:26.988 [FXGL Background Thread 3 ] DEBUG Engine               - actualWidth: 600.0
19:38:26.988 [FXGL Background Thread 3 ] DEBUG Engine               - actualWidthProperty: ReadOnlyDoubleProperty [value: 600.0]
19:38:26.989 [FXGL Background Thread 3 ] DEBUG Engine               - appIcon: fxgl_icon.png
19:38:26.989 [FXGL Background Thread 3 ] DEBUG Engine               - applicationMode: DEVELOPER
19:38:26.989 [FXGL Background Thread 3 ] DEBUG Engine               - cSSList: [fxgl_dark.css]
19:38:26.989 [FXGL Background Thread 3 ] DEBUG Engine               - collisionDetectionStrategy: BRUTE_FORCE
19:38:26.989 [FXGL Background Thread 3 ] DEBUG Engine               - configClass: Optional.empty
19:38:26.989 [FXGL Background Thread 3 ] DEBUG Engine               - credits: []
19:38:26.989 [FXGL Background Thread 3 ] DEBUG Engine               - defaultCursor: CursorInfo(imageName=fxgl_default_cursor.png, hotspotX=7.0, hotspotY=6.0)
19:38:26.989 [FXGL Background Thread 3 ] DEBUG Engine               - devBBoxColorProperty: ObjectProperty [value: 0xff0000ff]
19:38:26.989 [FXGL Background Thread 3 ] DEBUG Engine               - devEnableDebugCameraProperty: BooleanProperty [value: false]
19:38:26.989 [FXGL Background Thread 3 ] DEBUG Engine               - devSensorColorProperty: ObjectProperty [value: 0xffff00ff]
19:38:26.989 [FXGL Background Thread 3 ] DEBUG Engine               - devShowBBoxProperty: BooleanProperty [value: false]
19:38:26.989 [FXGL Background Thread 3 ] DEBUG Engine               - devShowPositionProperty: BooleanProperty [value: false]
19:38:26.989 [FXGL Background Thread 3 ] DEBUG Engine               - enabledMenuItems: []
19:38:26.989 [FXGL Background Thread 3 ] DEBUG Engine               - engineServices: [class com.almasb.fxgl.app.services.FXGLAssetLoaderService, class com.almasb.fxgl.app.FXGLApplication$GameApplicationService, class com.almasb.fxgl.app.services.FXGLDialogService, class com.almasb.fxgl.app.services.IOTaskExecutorService, class com.almasb.fxgl.io.FileSystemService, class com.almasb.fxgl.localization.LocalizationService, class com.almasb.fxgl.app.services.SystemBundleService, class com.almasb.fxgl.profile.SaveLoadService, class com.almasb.fxgl.ui.FXGLUIFactoryServiceProvider, class com.almasb.fxgl.ui.FXGLDialogFactoryServiceProvider, class com.almasb.fxgl.audio.AudioPlayer, class com.almasb.fxgl.notification.impl.NotificationServiceProvider, class com.almasb.fxgl.achievement.AchievementService, class com.almasb.fxgl.cutscene.CutsceneService, class com.almasb.fxgl.minigames.MiniGameService, class com.almasb.fxgl.net.NetService, class com.almasb.fxgl.app.services.UpdaterService, class com.almasb.fxgl.dev.DevService]
19:38:26.989 [FXGL Background Thread 3 ] DEBUG Engine               - fontGame: Abel-Regular.ttf
19:38:26.989 [FXGL Background Thread 3 ] DEBUG Engine               - fontMono: TerminalLandMono-Regular.otf
19:38:26.989 [FXGL Background Thread 3 ] DEBUG Engine               - fontText: Courier-Prime.ttf
19:38:26.990 [FXGL Background Thread 3 ] DEBUG Engine               - fontUI: VarelaRound-Regular.ttf
19:38:26.990 [FXGL Background Thread 3 ] DEBUG Engine               - fullScreen: BooleanProperty [value: false]
19:38:26.990 [FXGL Background Thread 3 ] DEBUG Engine               - gameDifficulty: MEDIUM
19:38:26.990 [FXGL Background Thread 3 ] DEBUG Engine               - gameDifficultyProperty: ObjectProperty [value: MEDIUM]
19:38:26.990 [FXGL Background Thread 3 ] DEBUG Engine               - globalMusicVolume: 0.5
19:38:26.990 [FXGL Background Thread 3 ] DEBUG Engine               - globalMusicVolumeProperty: DoubleProperty [value: 0.5]
19:38:26.990 [FXGL Background Thread 3 ] DEBUG Engine               - globalSoundVolume: 0.5
19:38:26.990 [FXGL Background Thread 3 ] DEBUG Engine               - globalSoundVolumeProperty: DoubleProperty [value: 0.5]
19:38:26.990 [FXGL Background Thread 3 ] DEBUG Engine               - height: 600
19:38:26.990 [FXGL Background Thread 3 ] DEBUG Engine               - is3D: false
19:38:26.990 [FXGL Background Thread 3 ] DEBUG Engine               - isAndroid: false
19:38:26.990 [FXGL Background Thread 3 ] DEBUG Engine               - isBrowser: false
19:38:26.990 [FXGL Background Thread 3 ] DEBUG Engine               - isClickFeedbackEnabled: false
19:38:26.990 [FXGL Background Thread 3 ] DEBUG Engine               - isCloseConfirmation: false
19:38:26.990 [FXGL Background Thread 3 ] DEBUG Engine               - isDesktop: true
19:38:26.990 [FXGL Background Thread 3 ] DEBUG Engine               - isDeveloperMenuEnabled: false
19:38:26.990 [FXGL Background Thread 3 ] DEBUG Engine               - isEmbedded: false
19:38:26.990 [FXGL Background Thread 3 ] DEBUG Engine               - isEntityPreloadEnabled: true
19:38:26.990 [FXGL Background Thread 3 ] DEBUG Engine               - isExperimentalTiledLargeMap: false
19:38:26.990 [FXGL Background Thread 3 ] DEBUG Engine               - isFileSystemWriteAllowed: true
19:38:26.990 [FXGL Background Thread 3 ] DEBUG Engine               - isFullScreenAllowed: false
19:38:26.990 [FXGL Background Thread 3 ] DEBUG Engine               - isFullScreenFromStart: false
19:38:26.990 [FXGL Background Thread 3 ] DEBUG Engine               - isGameMenuEnabled: true
19:38:26.990 [FXGL Background Thread 3 ] DEBUG Engine               - isIOS: false
19:38:26.990 [FXGL Background Thread 3 ] DEBUG Engine               - isIntroEnabled: false
19:38:26.991 [FXGL Background Thread 3 ] DEBUG Engine               - isLinux: false
19:38:26.991 [FXGL Background Thread 3 ] DEBUG Engine               - isMac: false
19:38:26.991 [FXGL Background Thread 3 ] DEBUG Engine               - isMainMenuEnabled: false
19:38:26.991 [FXGL Background Thread 3 ] DEBUG Engine               - isManualResizeEnabled: false
19:38:26.991 [FXGL Background Thread 3 ] DEBUG Engine               - isMobile: false
19:38:26.991 [FXGL Background Thread 3 ] DEBUG Engine               - isNative: false
19:38:26.991 [FXGL Background Thread 3 ] DEBUG Engine               - isPauseMusicWhenMinimized: true
19:38:26.991 [FXGL Background Thread 3 ] DEBUG Engine               - isPreserveResizeRatio: false
19:38:26.991 [FXGL Background Thread 3 ] DEBUG Engine               - isProfilingEnabled: false
19:38:26.991 [FXGL Background Thread 3 ] DEBUG Engine               - isScaleAffectedOnResize: true
19:38:26.991 [FXGL Background Thread 3 ] DEBUG Engine               - isSingleStep: false
19:38:26.991 [FXGL Background Thread 3 ] DEBUG Engine               - isUserProfileEnabled: false
19:38:26.991 [FXGL Background Thread 3 ] DEBUG Engine               - isWindows: true
19:38:26.991 [FXGL Background Thread 3 ] DEBUG Engine               - language: ObjectProperty [value: ENGLISH]
19:38:26.991 [FXGL Background Thread 3 ] DEBUG Engine               - menuKey: ESCAPE
19:38:26.991 [FXGL Background Thread 3 ] DEBUG Engine               - mouseSensitivity: 0.2
19:38:26.991 [FXGL Background Thread 3 ] DEBUG Engine               - notificationViewClass: class com.almasb.fxgl.notification.view.XboxNotificationView
19:38:26.991 [FXGL Background Thread 3 ] DEBUG Engine               - pixelsPerMeter: 50.0
19:38:26.991 [FXGL Background Thread 3 ] DEBUG Engine               - platform: WINDOWS
19:38:26.991 [FXGL Background Thread 3 ] DEBUG Engine               - prefHeightProperty: ReadOnlyDoubleProperty [value: 600.0]
19:38:26.991 [FXGL Background Thread 3 ] DEBUG Engine               - prefWidthProperty: ReadOnlyDoubleProperty [value: 600.0]
19:38:26.991 [FXGL Background Thread 3 ] DEBUG Engine               - profileDir: profiles/
19:38:26.991 [FXGL Background Thread 3 ] DEBUG Engine               - profileName: StringProperty [value: DEFAULT]
19:38:26.991 [FXGL Background Thread 3 ] DEBUG Engine               - randomSeed: -1
19:38:26.992 [FXGL Background Thread 3 ] DEBUG Engine               - runtimeInfo: RuntimeInfo(platform=WINDOWS, version=17.2, build=20.08.2022 16.50)
19:38:26.992 [FXGL Background Thread 3 ] DEBUG Engine               - saveFileExt: sav
19:38:26.992 [FXGL Background Thread 3 ] DEBUG Engine               - scaledHeightProp$fxgl: DoubleProperty [bound, value: 600.0]
19:38:26.992 [FXGL Background Thread 3 ] DEBUG Engine               - scaledWidthProp$fxgl: DoubleProperty [bound, value: 600.0]
19:38:26.992 [FXGL Background Thread 3 ] DEBUG Engine               - sceneFactory: com.almasb.fxgl.app.scene.SceneFactory@22a68d78
19:38:26.992 [FXGL Background Thread 3 ] DEBUG Engine               - secondsIn24h: 60
19:38:26.992 [FXGL Background Thread 3 ] DEBUG Engine               - soundMenuBack: menu/back.wav
19:38:26.992 [FXGL Background Thread 3 ] DEBUG Engine               - soundMenuPress: menu/press.wav
19:38:26.992 [FXGL Background Thread 3 ] DEBUG Engine               - soundMenuSelect: menu/select.wav
19:38:26.992 [FXGL Background Thread 3 ] DEBUG Engine               - soundNotification: core/notification.wav
19:38:26.992 [FXGL Background Thread 3 ] DEBUG Engine               - stageStyle: DECORATED
19:38:26.992 [FXGL Background Thread 3 ] DEBUG Engine               - supportedLanguages: [ENGLISH, FRENCH, GERMAN, HUNGARIAN, RUSSIAN]
19:38:26.992 [FXGL Background Thread 3 ] DEBUG Engine               - ticksPerSecond: -1
19:38:26.992 [FXGL Background Thread 3 ] DEBUG Engine               - title: Basic Game App
19:38:26.992 [FXGL Background Thread 3 ] DEBUG Engine               - urlGithub: https://github.com/AlmasB/FXGL
19:38:26.992 [FXGL Background Thread 3 ] DEBUG Engine               - urlLeaderboard: http://fxgl-top.herokuapp.com/
19:38:26.992 [FXGL Background Thread 3 ] DEBUG Engine               - urlPOM: https://raw.githubusercontent.com/AlmasB/FXGL/release/README.md
19:38:26.992 [FXGL Background Thread 3 ] DEBUG Engine               - userAppClass: class com.game.SnakeGameApplication
19:38:26.992 [FXGL Background Thread 3 ] DEBUG Engine               - version: 0.1
19:38:26.992 [FXGL Background Thread 3 ] DEBUG Engine               - versionCheckDays: 7
19:38:26.992 [FXGL Background Thread 3 ] DEBUG Engine               - width: 600
19:38:26.992 [FXGL Background Thread 3 ] DEBUG Engine               - Logging services
19:38:26.992 [FXGL Background Thread 3 ] DEBUG Engine               - class com.almasb.fxgl.app.services.FXGLAssetLoaderService
19:38:26.992 [FXGL Background Thread 3 ] DEBUG Engine               - class com.almasb.fxgl.app.FXGLApplication$GameApplicationService
19:38:26.992 [FXGL Background Thread 3 ] DEBUG Engine               - class com.almasb.fxgl.app.services.FXGLDialogService
19:38:26.992 [FXGL Background Thread 3 ] DEBUG Engine               - class com.almasb.fxgl.app.services.IOTaskExecutorService
19:38:26.992 [FXGL Background Thread 3 ] DEBUG Engine               - class com.almasb.fxgl.io.FileSystemService
19:38:26.993 [FXGL Background Thread 3 ] DEBUG Engine               - class com.almasb.fxgl.localization.LocalizationService
19:38:26.993 [FXGL Background Thread 3 ] DEBUG Engine               - class com.almasb.fxgl.app.services.SystemBundleService
19:38:26.993 [FXGL Background Thread 3 ] DEBUG Engine               - class com.almasb.fxgl.profile.SaveLoadService
19:38:26.993 [FXGL Background Thread 3 ] DEBUG Engine               - class com.almasb.fxgl.ui.FXGLUIFactoryServiceProvider
19:38:26.993 [FXGL Background Thread 3 ] DEBUG Engine               - class com.almasb.fxgl.ui.FXGLDialogFactoryServiceProvider
19:38:26.993 [FXGL Background Thread 3 ] DEBUG Engine               - class com.almasb.fxgl.audio.AudioPlayer
19:38:26.993 [FXGL Background Thread 3 ] DEBUG Engine               - class com.almasb.fxgl.notification.impl.NotificationServiceProvider
19:38:26.993 [FXGL Background Thread 3 ] DEBUG Engine               - class com.almasb.fxgl.achievement.AchievementService
19:38:26.993 [FXGL Background Thread 3 ] DEBUG Engine               - class com.almasb.fxgl.cutscene.CutsceneService
19:38:26.993 [FXGL Background Thread 3 ] DEBUG Engine               - class com.almasb.fxgl.minigames.MiniGameService
19:38:26.993 [FXGL Background Thread 3 ] DEBUG Engine               - class com.almasb.fxgl.net.NetService
19:38:26.993 [FXGL Background Thread 3 ] DEBUG Engine               - class com.almasb.fxgl.app.services.UpdaterService
19:38:26.993 [FXGL Background Thread 3 ] DEBUG Engine               - class com.almasb.fxgl.dev.DevService
19:38:27.546 [JavaFX Application Thread] DEBUG FXGLApplication      - Exiting FXGL
19:38:27.547 [JavaFX Application Thread] DEBUG LoopRunner           - Stopping loop
19:38:27.547 [JavaFX Application Thread] DEBUG SystemBundleService  - Saving FXGL system data
19:38:27.548 [JavaFX Application Thread] DEBUG FileSystemAccess     - Writing to: C:\Users\Jone\Documents\Nottingham Uni Work\dms cw\comp2013-coursework\system\fxgl.bundle
19:38:27.550 [JavaFX Application Thread] DEBUG Async                - Shutting down background threads
19:38:27.550 [JavaFX Application Thread] DEBUG PrimaryStageWindow   - Closing main window
19:38:27.557 [JavaFX Application Thread] DEBUG Logger               - Closing Logger
