20:05:14.794 [main                     ] DEBUG Logger               - Configured Logger
20:05:14.810 [main                     ] DEBUG GameApplication      - Logging settings
Title: Basic Game App
Version: 0.1
Width: 600
Height: 600
Fullscreen: false
Intro: false
Profiling: false
Single step:false
App Mode: DEVELOPER
Menu Key: ESCAPE
Stage Style: DECORATED
Scene Factory: class com.almasb.fxgl.app.scene.SceneFactory

20:05:15.081 [JavaFX Application Thread] DEBUG FXGLApplication      - Initializing FXGL
20:05:15.086 [JavaFX Application Thread] INFO  Engine               - FXGL-17.2 (20.08.2022 16.50) on WINDOWS (J:19 FX:19-ea)
20:05:15.086 [JavaFX Application Thread] DEBUG Engine               - JRE Vendor Name: Oracle Corporation
20:05:15.086 [JavaFX Application Thread] DEBUG Engine               - Running on OS: Windows 11 version 10.0
20:05:15.086 [JavaFX Application Thread] DEBUG Engine               - Architecture: amd64
20:05:15.086 [JavaFX Application Thread] INFO  Engine               - Source code and latest versions at: https://github.com/AlmasB/FXGL
20:05:15.086 [JavaFX Application Thread] INFO  Engine               -       Ask questions and discuss at: https://github.com/AlmasB/FXGL/discussions
20:05:15.086 [JavaFX Application Thread] INFO  Engine               -              Join the FXGL chat at: https://gitter.im/AlmasB/FXGL
20:05:15.147 [JavaFX Application Thread] DEBUG PrimaryStageWindow   - Creating a JavaFX scene
20:05:15.177 [JavaFX Application Thread] DEBUG PrimaryStageWindow   - Target settings size: 600.0 x 600.0
20:05:15.177 [JavaFX Application Thread] DEBUG PrimaryStageWindow   - Scaled scene size:    600.0 x 600.0
20:05:15.177 [JavaFX Application Thread] DEBUG PrimaryStageWindow   - Scaled ratio: (1.0, 1.0)
20:05:15.178 [JavaFX Application Thread] DEBUG PrimaryStageWindow   - Set initial scene to FXGLStartupScene
20:05:15.182 [JavaFX Application Thread] DEBUG PrimaryStageWindow   - Opening main window
20:05:15.247 [JavaFX Application Thread] DEBUG PrimaryStageWindow   - Window border size: (14.66668701171875, 37.33331298828125)
20:05:15.247 [JavaFX Application Thread] DEBUG PrimaryStageWindow   - Scaled size: 600.0 x 600.0
20:05:15.247 [JavaFX Application Thread] DEBUG PrimaryStageWindow   - Scaled ratio: (1.0, 1.0)
20:05:15.247 [JavaFX Application Thread] DEBUG PrimaryStageWindow   - Scene size: 600.0 x 600.0
20:05:15.247 [JavaFX Application Thread] DEBUG PrimaryStageWindow   - Stage size: 614.6666870117188 x 637.3333129882812
20:05:15.253 [FXGL Background Thread 1 ] DEBUG Engine               - Initializing environment variables
20:05:15.293 [FXGL Background Thread 1 ] DEBUG FXGLAssetLoaderServi - User app class for loading assets: class com.game.SnakeGameApplication
20:05:15.293 [FXGL Background Thread 1 ] DEBUG GameApplicationServi - Applying CSS: fxgl_dark.css
20:05:15.294 [FXGL Background Thread 1 ] DEBUG FXGLAssetLoaderServi - Loading from file system: jar:file:///C:/Users/Jone/.m2/repository/com/github/almasb/fxgl/17.2/fxgl-17.2.jar!/fxglassets/ui/css/fxgl_dark.css
20:05:15.326 [FXGL Background Thread 1 ] DEBUG GameApplicationServi - Initializing application scenes
20:05:15.347 [FXGL Background Thread 1 ] DEBUG GameWorld            - Game world initialized
20:05:15.396 [FXGL Background Thread 1 ] DEBUG PhysicsWorld         - Physics world initialized: appHeight=600, physics.ppm=50.0
20:05:15.396 [FXGL Background Thread 1 ] DEBUG PhysicsWorld         - Using strategy: BRUTE_FORCE
20:05:15.399 [FXGL Background Thread 1 ] DEBUG GameScene            - Game scene initialized: 600x600
20:05:15.408 [FXGL Background Thread 1 ] WARN  FXGL.DefaultMenu     - FXGLDefaultMenu is not designed for resolutions < 800x600
20:05:15.408 [FXGL Background Thread 1 ] DEBUG FXGL.DefaultMenu     - createMenuBodyGameMenu()
20:05:15.417 [FXGL Background Thread 1 ] DEBUG FXGL.DefaultMenu     - createOptionsMenu()
20:05:15.425 [FXGL Background Thread 1 ] DEBUG FXGLAssetLoaderServi - Loading from file system: jar:file:///C:/Users/Jone/.m2/repository/com/github/almasb/fxgl/17.2/fxgl-17.2.jar!/fxglassets/textures/particles/smoke.png
20:05:15.484 [FXGL Background Thread 1 ] DEBUG FXGLAssetLoaderServi - Loading from file system: jar:file:///C:/Users/Jone/.m2/repository/com/github/almasb/fxgl/17.2/fxgl-17.2.jar!/fxglassets/textures/particles/trace_horizontal.png
20:05:15.506 [FXGL Background Thread 1 ] DEBUG GameApplicationServi - Application scenes initialized
20:05:15.516 [FXGL Background Thread 1 ] DEBUG SystemBundleService  - Loading FXGL system data
20:05:15.519 [FXGL Background Thread 1 ] DEBUG FileSystemAccess     - Reading from: C:\Users\Jone\Documents\Nottingham Uni Work\dms cw\comp2013-coursework\system\fxgl.bundle
20:05:15.526 [FXGL Background Thread 1 ] DEBUG SystemBundleService  - Bundle FXGL: {}
20:05:15.526 [FXGL Background Thread 1 ] DEBUG UpdaterService       - Checking for updates
20:05:15.529 [FXGL Background Thread 4 ] DEBUG FXGLApplication      - Loading fonts
20:05:15.529 [FXGL Background Thread 1 ] DEBUG FXGLApplication      - Loading default localization
20:05:15.529 [FXGL Background Thread 4 ] DEBUG FXGLAssetLoaderServi - Loading from file system: jar:file:///C:/Users/Jone/.m2/repository/com/github/almasb/fxgl/17.2/fxgl-17.2.jar!/fxglassets/ui/fonts/VarelaRound-Regular.ttf
20:05:15.529 [FXGL Background Thread 1 ] DEBUG FXGLAssetLoaderServi - Loading from file system: jar:file:///C:/Users/Jone/.m2/repository/com/github/almasb/fxgl/17.2/fxgl-17.2.jar!/fxglassets/languages/english.lang
20:05:15.542 [FXGL Background Thread 1 ] INFO  FXGLApplication      - FXGL initialization took: 0.289 sec
20:05:15.543 [JavaFX Application Thread] DEBUG FXGLAssetLoaderServi - Loading from file system: jar:file:///C:/Users/Jone/.m2/repository/com/github/almasb/fxgl/17.2/fxgl-17.2.jar!/fxglassets/textures/fxgl_icon.png
20:05:15.558 [JavaFX Application Thread] DEBUG FXGLAssetLoaderServi - Loading from file system: jar:file:///C:/Users/Jone/.m2/repository/com/github/almasb/fxgl/17.2/fxgl-17.2.jar!/fxglassets/textures/fxgl_default_cursor.png
20:05:15.569 [JavaFX Application Thread] DEBUG Input                - Registered new binding: Screenshot - CTRL+8
20:05:15.570 [JavaFX Application Thread] DEBUG Input                - Registered new binding: System info dump - CTRL+9
20:05:15.570 [JavaFX Application Thread] DEBUG Input                - Registered new binding: Restart - CTRL+R
20:05:15.570 [JavaFX Application Thread] DEBUG Input                - Registered new binding: Toggle Debug Camera - CTRL+7
20:05:15.572 [FXGL Background Thread 4 ] DEBUG FXGLAssetLoaderServi - Loading from file system: jar:file:///C:/Users/Jone/.m2/repository/com/github/almasb/fxgl/17.2/fxgl-17.2.jar!/fxglassets/ui/fonts/Abel-Regular.ttf
20:05:15.572 [JavaFX Application Thread] DEBUG LoopRunner           - Starting loop
20:05:15.572 [JavaFX Application Thread] DEBUG LoopRunner           - Initializing JavaFX AnimationTimerLoop
20:05:15.574 [JavaFX Application Thread] DEBUG GameApplicationServi - Starting new game
20:05:15.574 [JavaFX Application Thread] DEBUG Input                - Clearing active input actions
20:05:15.575 [FXGL Background Thread 4 ] DEBUG FXGLAssetLoaderServi - Loading from file system: jar:file:///C:/Users/Jone/.m2/repository/com/github/almasb/fxgl/17.2/fxgl-17.2.jar!/fxglassets/ui/fonts/TerminalLandMono-Regular.otf
20:05:15.578 [FXGL Background Thread 4 ] DEBUG FXGLAssetLoaderServi - Loading from file system: jar:file:///C:/Users/Jone/.m2/repository/com/github/almasb/fxgl/17.2/fxgl-17.2.jar!/fxglassets/ui/fonts/Courier-Prime.ttf
20:05:15.584 [JavaFX Application Thread] DEBUG GameApplicationServi - Removing overlay from FXGLStartupScene and adding to FXGLLoadingScene
20:05:15.585 [JavaFX Application Thread] DEBUG PrimaryStageWindow   - FXGLStartupScene -> FXGLLoadingScene
20:05:15.585 [JavaFX Application Thread] DEBUG GameApplicationServi - Clearing previous game
20:05:15.585 [JavaFX Application Thread] DEBUG GameScene            - Clearing game scene
20:05:15.585 [JavaFX Application Thread] DEBUG GameWorld            - Clearing game world
20:05:15.585 [JavaFX Application Thread] DEBUG PhysicsWorld         - Clearing physics world
20:05:15.586 [FXGL Background Thread 4 ] DEBUG FXGLApplication      - Initializing game
20:05:15.586 [JavaFX Application Thread] DEBUG FXGLApplication      - Registering font factories with UI factory
20:05:15.618 [JavaFX Application Thread] DEBUG LoopRunner           - Stopping loop
20:05:15.622 [JavaFX Application Thread] FATAL FXGLApplication      - Uncaught Exception:
java.lang.RuntimeException: Initialization failed
	at com.almasb.fxgl.all@17.2/com.almasb.fxgl.app.FXGLApplication$InitAppTask.failed(FXGLApplication.kt:343)
	at javafx.graphics@19-ea/javafx.concurrent.Task.setState(Task.java:710)
	at javafx.graphics@19-ea/javafx.concurrent.Task$TaskCallable.lambda$call$2(Task.java:1456)
	at javafx.graphics@19-ea/com.sun.javafx.application.PlatformImpl.lambda$runLater$10(PlatformImpl.java:457)
	at java.base/java.security.AccessController.doPrivileged(AccessController.java:399)
	at javafx.graphics@19-ea/com.sun.javafx.application.PlatformImpl.lambda$runLater$11(PlatformImpl.java:456)
	at javafx.graphics@19-ea/com.sun.glass.ui.InvokeLaterDispatcher$Future.run(InvokeLaterDispatcher.java:96)
	at javafx.graphics@19-ea/com.sun.glass.ui.win.WinApplication._runLoop(Native Method)
	at javafx.graphics@19-ea/com.sun.glass.ui.win.WinApplication.lambda$runLoop$3(WinApplication.java:184)
	at java.base/java.lang.Thread.run(Thread.java:1589)
Caused by: java.lang.IllegalStateException: Physics not initialized yet! Use setOnPhysicsInitialized() instead
	at com.almasb.fxgl.entity@17.2/com.almasb.fxgl.physics.PhysicsComponent.getBody(PhysicsComponent.java:87)
	at com.almasb.fxgl.entity@17.2/com.almasb.fxgl.physics.PhysicsComponent.setBodyLinearVelocity(PhysicsComponent.java:232)
	at com.game/com.game.SnakeFactory.newSnake(SnakeFactory.java:23)
	at java.base/jdk.internal.reflect.DirectMethodHandleAccessor.invoke(DirectMethodHandleAccessor.java:104)
	at java.base/java.lang.reflect.Method.invoke(Method.java:578)
	at com.almasb.fxgl.core@17.2/com.almasb.fxgl.core.reflect.ReflectionUtils.call(ReflectionUtils.java:104)
	at com.almasb.fxgl.core@17.2/com.almasb.fxgl.core.reflect.ReflectionUtils.lambda$mapToFunction$3(ReflectionUtils.java:111)
	at com.almasb.fxgl.entity@17.2/com.almasb.fxgl.entity.GameWorld$create$2.invoke(GameWorld.kt:430)
	at com.almasb.fxgl.entity@17.2/com.almasb.fxgl.entity.GameWorld$create$2.invoke(GameWorld.kt:430)
	at com.almasb.fxgl.core@17.2/com.almasb.fxgl.core.util.DSLKt.tryCatchRoot(DSL.kt:34)
	at com.almasb.fxgl.entity@17.2/com.almasb.fxgl.entity.GameWorld.create(GameWorld.kt:430)
	at com.almasb.fxgl.entity@17.2/com.almasb.fxgl.entity.GameWorld.spawn(GameWorld.kt:396)
	at com.almasb.fxgl.entity@17.2/com.almasb.fxgl.entity.GameWorld.spawn(GameWorld.kt:384)
	at com.almasb.fxgl.entity@17.2/com.almasb.fxgl.entity.GameWorld.spawn(GameWorld.kt:359)
	at com.almasb.fxgl.all@17.2/com.almasb.fxgl.dsl.FXGLForKtKt.spawn(FXGLForKt.kt:159)
	at com.game/com.game.SnakeGameApplication.initGame(SnakeGameApplication.java:32)
	at com.almasb.fxgl.all@17.2/com.almasb.fxgl.app.FXGLApplication$InitAppTask.initGame(FXGLApplication.kt:339)
	at com.almasb.fxgl.all@17.2/com.almasb.fxgl.app.FXGLApplication$InitAppTask.call(FXGLApplication.kt:319)
	at com.almasb.fxgl.all@17.2/com.almasb.fxgl.app.FXGLApplication$InitAppTask.call(FXGLApplication.kt:311)
	at javafx.graphics@19-ea/javafx.concurrent.Task$TaskCallable.call(Task.java:1426)
	at java.base/java.util.concurrent.FutureTask.run(FutureTask.java:317)
	at java.base/java.util.concurrent.Executors$RunnableAdapter.call(Executors.java:577)
	at java.base/java.util.concurrent.FutureTask.run(FutureTask.java:317)
	at java.base/java.util.concurrent.ThreadPoolExecutor.runWorker(ThreadPoolExecutor.java:1144)
	at java.base/java.util.concurrent.ThreadPoolExecutor$Worker.run(ThreadPoolExecutor.java:642)
	... 1 more

20:05:15.622 [JavaFX Application Thread] FATAL FXGLApplication      - Application will now exit
20:05:15.637 [JavaFX Application Thread] DEBUG PrimaryStageWindow   - Push state: ErrorSubScene
20:05:15.637 [JavaFX Application Thread] DEBUG Input                - Clearing active input actions
20:05:15.642 [JavaFX Application Thread] DEBUG GameApplicationServi - Removing overlay from FXGLLoadingScene and adding to ErrorSubScene
20:05:15.642 [JavaFX Application Thread] DEBUG PrimaryStageWindow   - FXGLLoadingScene -> ErrorSubScene
20:05:18.529 [FXGL Background Thread 3 ] DEBUG Engine               - Logging environment variables
20:05:18.529 [FXGL Background Thread 3 ] DEBUG Engine               - achievements: []
20:05:18.529 [FXGL Background Thread 3 ] DEBUG Engine               - actualHeight: 600.0
20:05:18.529 [FXGL Background Thread 3 ] DEBUG Engine               - actualHeightProperty: ReadOnlyDoubleProperty [value: 600.0]
20:05:18.529 [FXGL Background Thread 3 ] DEBUG Engine               - actualWidth: 600.0
20:05:18.530 [FXGL Background Thread 3 ] DEBUG Engine               - actualWidthProperty: ReadOnlyDoubleProperty [value: 600.0]
20:05:18.530 [FXGL Background Thread 3 ] DEBUG Engine               - appIcon: fxgl_icon.png
20:05:18.530 [FXGL Background Thread 3 ] DEBUG Engine               - applicationMode: DEVELOPER
20:05:18.530 [FXGL Background Thread 3 ] DEBUG Engine               - cSSList: [fxgl_dark.css]
20:05:18.530 [FXGL Background Thread 3 ] DEBUG Engine               - collisionDetectionStrategy: BRUTE_FORCE
20:05:18.530 [FXGL Background Thread 3 ] DEBUG Engine               - configClass: Optional.empty
20:05:18.530 [FXGL Background Thread 3 ] DEBUG Engine               - credits: []
20:05:18.530 [FXGL Background Thread 3 ] DEBUG Engine               - defaultCursor: CursorInfo(imageName=fxgl_default_cursor.png, hotspotX=7.0, hotspotY=6.0)
20:05:18.530 [FXGL Background Thread 3 ] DEBUG Engine               - devBBoxColorProperty: ObjectProperty [value: 0xff0000ff]
20:05:18.530 [FXGL Background Thread 3 ] DEBUG Engine               - devEnableDebugCameraProperty: BooleanProperty [value: false]
20:05:18.530 [FXGL Background Thread 3 ] DEBUG Engine               - devSensorColorProperty: ObjectProperty [value: 0xffff00ff]
20:05:18.530 [FXGL Background Thread 3 ] DEBUG Engine               - devShowBBoxProperty: BooleanProperty [value: false]
20:05:18.530 [FXGL Background Thread 3 ] DEBUG Engine               - devShowPositionProperty: BooleanProperty [value: false]
20:05:18.531 [FXGL Background Thread 3 ] DEBUG Engine               - enabledMenuItems: []
20:05:18.531 [FXGL Background Thread 3 ] DEBUG Engine               - engineServices: [class com.almasb.fxgl.app.services.FXGLAssetLoaderService, class com.almasb.fxgl.app.FXGLApplication$GameApplicationService, class com.almasb.fxgl.app.services.FXGLDialogService, class com.almasb.fxgl.app.services.IOTaskExecutorService, class com.almasb.fxgl.io.FileSystemService, class com.almasb.fxgl.localization.LocalizationService, class com.almasb.fxgl.app.services.SystemBundleService, class com.almasb.fxgl.profile.SaveLoadService, class com.almasb.fxgl.ui.FXGLUIFactoryServiceProvider, class com.almasb.fxgl.ui.FXGLDialogFactoryServiceProvider, class com.almasb.fxgl.audio.AudioPlayer, class com.almasb.fxgl.notification.impl.NotificationServiceProvider, class com.almasb.fxgl.achievement.AchievementService, class com.almasb.fxgl.cutscene.CutsceneService, class com.almasb.fxgl.minigames.MiniGameService, class com.almasb.fxgl.net.NetService, class com.almasb.fxgl.app.services.UpdaterService, class com.almasb.fxgl.dev.DevService]
20:05:18.531 [FXGL Background Thread 3 ] DEBUG Engine               - fontGame: Abel-Regular.ttf
20:05:18.531 [FXGL Background Thread 3 ] DEBUG Engine               - fontMono: TerminalLandMono-Regular.otf
20:05:18.531 [FXGL Background Thread 3 ] DEBUG Engine               - fontText: Courier-Prime.ttf
20:05:18.531 [FXGL Background Thread 3 ] DEBUG Engine               - fontUI: VarelaRound-Regular.ttf
20:05:18.531 [FXGL Background Thread 3 ] DEBUG Engine               - fullScreen: BooleanProperty [value: false]
20:05:18.531 [FXGL Background Thread 3 ] DEBUG Engine               - gameDifficulty: MEDIUM
20:05:18.531 [FXGL Background Thread 3 ] DEBUG Engine               - gameDifficultyProperty: ObjectProperty [value: MEDIUM]
20:05:18.531 [FXGL Background Thread 3 ] DEBUG Engine               - globalMusicVolume: 0.5
20:05:18.531 [FXGL Background Thread 3 ] DEBUG Engine               - globalMusicVolumeProperty: DoubleProperty [value: 0.5]
20:05:18.531 [FXGL Background Thread 3 ] DEBUG Engine               - globalSoundVolume: 0.5
20:05:18.531 [FXGL Background Thread 3 ] DEBUG Engine               - globalSoundVolumeProperty: DoubleProperty [value: 0.5]
20:05:18.531 [FXGL Background Thread 3 ] DEBUG Engine               - height: 600
20:05:18.531 [FXGL Background Thread 3 ] DEBUG Engine               - is3D: false
20:05:18.531 [FXGL Background Thread 3 ] DEBUG Engine               - isAndroid: false
20:05:18.531 [FXGL Background Thread 3 ] DEBUG Engine               - isBrowser: false
20:05:18.531 [FXGL Background Thread 3 ] DEBUG Engine               - isClickFeedbackEnabled: false
20:05:18.531 [FXGL Background Thread 3 ] DEBUG Engine               - isCloseConfirmation: false
20:05:18.531 [FXGL Background Thread 3 ] DEBUG Engine               - isDesktop: true
20:05:18.531 [FXGL Background Thread 3 ] DEBUG Engine               - isDeveloperMenuEnabled: false
20:05:18.531 [FXGL Background Thread 3 ] DEBUG Engine               - isEmbedded: false
20:05:18.531 [FXGL Background Thread 3 ] DEBUG Engine               - isEntityPreloadEnabled: true
20:05:18.531 [FXGL Background Thread 3 ] DEBUG Engine               - isExperimentalTiledLargeMap: false
20:05:18.531 [FXGL Background Thread 3 ] DEBUG Engine               - isFileSystemWriteAllowed: true
20:05:18.531 [FXGL Background Thread 3 ] DEBUG Engine               - isFullScreenAllowed: false
20:05:18.532 [FXGL Background Thread 3 ] DEBUG Engine               - isFullScreenFromStart: false
20:05:18.532 [FXGL Background Thread 3 ] DEBUG Engine               - isGameMenuEnabled: true
20:05:18.532 [FXGL Background Thread 3 ] DEBUG Engine               - isIOS: false
20:05:18.532 [FXGL Background Thread 3 ] DEBUG Engine               - isIntroEnabled: false
20:05:18.532 [FXGL Background Thread 3 ] DEBUG Engine               - isLinux: false
20:05:18.532 [FXGL Background Thread 3 ] DEBUG Engine               - isMac: false
20:05:18.532 [FXGL Background Thread 3 ] DEBUG Engine               - isMainMenuEnabled: false
20:05:18.532 [FXGL Background Thread 3 ] DEBUG Engine               - isManualResizeEnabled: false
20:05:18.532 [FXGL Background Thread 3 ] DEBUG Engine               - isMobile: false
20:05:18.532 [FXGL Background Thread 3 ] DEBUG Engine               - isNative: false
20:05:18.532 [FXGL Background Thread 3 ] DEBUG Engine               - isPauseMusicWhenMinimized: true
20:05:18.532 [FXGL Background Thread 3 ] DEBUG Engine               - isPreserveResizeRatio: false
20:05:18.532 [FXGL Background Thread 3 ] DEBUG Engine               - isProfilingEnabled: false
20:05:18.532 [FXGL Background Thread 3 ] DEBUG Engine               - isScaleAffectedOnResize: true
20:05:18.532 [FXGL Background Thread 3 ] DEBUG Engine               - isSingleStep: false
20:05:18.532 [FXGL Background Thread 3 ] DEBUG Engine               - isUserProfileEnabled: false
20:05:18.532 [FXGL Background Thread 3 ] DEBUG Engine               - isWindows: true
20:05:18.532 [FXGL Background Thread 3 ] DEBUG Engine               - language: ObjectProperty [value: ENGLISH]
20:05:18.532 [FXGL Background Thread 3 ] DEBUG Engine               - menuKey: ESCAPE
20:05:18.532 [FXGL Background Thread 3 ] DEBUG Engine               - mouseSensitivity: 0.2
20:05:18.532 [FXGL Background Thread 3 ] DEBUG Engine               - notificationViewClass: class com.almasb.fxgl.notification.view.XboxNotificationView
20:05:18.532 [FXGL Background Thread 3 ] DEBUG Engine               - pixelsPerMeter: 50.0
20:05:18.532 [FXGL Background Thread 3 ] DEBUG Engine               - platform: WINDOWS
20:05:18.532 [FXGL Background Thread 3 ] DEBUG Engine               - prefHeightProperty: ReadOnlyDoubleProperty [value: 600.0]
20:05:18.532 [FXGL Background Thread 3 ] DEBUG Engine               - prefWidthProperty: ReadOnlyDoubleProperty [value: 600.0]
20:05:18.532 [FXGL Background Thread 3 ] DEBUG Engine               - profileDir: profiles/
20:05:18.533 [FXGL Background Thread 3 ] DEBUG Engine               - profileName: StringProperty [value: DEFAULT]
20:05:18.533 [FXGL Background Thread 3 ] DEBUG Engine               - randomSeed: -1
20:05:18.533 [FXGL Background Thread 3 ] DEBUG Engine               - runtimeInfo: RuntimeInfo(platform=WINDOWS, version=17.2, build=20.08.2022 16.50)
20:05:18.533 [FXGL Background Thread 3 ] DEBUG Engine               - saveFileExt: sav
20:05:18.533 [FXGL Background Thread 3 ] DEBUG Engine               - scaledHeightProp$fxgl: DoubleProperty [bound, value: 600.0]
20:05:18.533 [FXGL Background Thread 3 ] DEBUG Engine               - scaledWidthProp$fxgl: DoubleProperty [bound, value: 600.0]
20:05:18.533 [FXGL Background Thread 3 ] DEBUG Engine               - sceneFactory: com.almasb.fxgl.app.scene.SceneFactory@49cdbc55
20:05:18.533 [FXGL Background Thread 3 ] DEBUG Engine               - secondsIn24h: 60
20:05:18.533 [FXGL Background Thread 3 ] DEBUG Engine               - soundMenuBack: menu/back.wav
20:05:18.533 [FXGL Background Thread 3 ] DEBUG Engine               - soundMenuPress: menu/press.wav
20:05:18.533 [FXGL Background Thread 3 ] DEBUG Engine               - soundMenuSelect: menu/select.wav
20:05:18.533 [FXGL Background Thread 3 ] DEBUG Engine               - soundNotification: core/notification.wav
20:05:18.533 [FXGL Background Thread 3 ] DEBUG Engine               - stageStyle: DECORATED
20:05:18.533 [FXGL Background Thread 3 ] DEBUG Engine               - supportedLanguages: [ENGLISH, FRENCH, GERMAN, HUNGARIAN, RUSSIAN]
20:05:18.533 [FXGL Background Thread 3 ] DEBUG Engine               - ticksPerSecond: -1
20:05:18.533 [FXGL Background Thread 3 ] DEBUG Engine               - title: Basic Game App
20:05:18.533 [FXGL Background Thread 3 ] DEBUG Engine               - urlGithub: https://github.com/AlmasB/FXGL
20:05:18.533 [FXGL Background Thread 3 ] DEBUG Engine               - urlLeaderboard: http://fxgl-top.herokuapp.com/
20:05:18.533 [FXGL Background Thread 3 ] DEBUG Engine               - urlPOM: https://raw.githubusercontent.com/AlmasB/FXGL/release/README.md
20:05:18.533 [FXGL Background Thread 3 ] DEBUG Engine               - userAppClass: class com.game.SnakeGameApplication
20:05:18.534 [FXGL Background Thread 3 ] DEBUG Engine               - version: 0.1
20:05:18.534 [FXGL Background Thread 3 ] DEBUG Engine               - versionCheckDays: 7
20:05:18.534 [FXGL Background Thread 3 ] DEBUG Engine               - width: 600
20:05:18.534 [FXGL Background Thread 3 ] DEBUG Engine               - Logging services
20:05:18.534 [FXGL Background Thread 3 ] DEBUG Engine               - class com.almasb.fxgl.app.services.FXGLAssetLoaderService
20:05:18.534 [FXGL Background Thread 3 ] DEBUG Engine               - class com.almasb.fxgl.app.FXGLApplication$GameApplicationService
20:05:18.534 [FXGL Background Thread 3 ] DEBUG Engine               - class com.almasb.fxgl.app.services.FXGLDialogService
20:05:18.534 [FXGL Background Thread 3 ] DEBUG Engine               - class com.almasb.fxgl.app.services.IOTaskExecutorService
20:05:18.534 [FXGL Background Thread 3 ] DEBUG Engine               - class com.almasb.fxgl.io.FileSystemService
20:05:18.534 [FXGL Background Thread 3 ] DEBUG Engine               - class com.almasb.fxgl.localization.LocalizationService
20:05:18.534 [FXGL Background Thread 3 ] DEBUG Engine               - class com.almasb.fxgl.app.services.SystemBundleService
20:05:18.534 [FXGL Background Thread 3 ] DEBUG Engine               - class com.almasb.fxgl.profile.SaveLoadService
20:05:18.534 [FXGL Background Thread 3 ] DEBUG Engine               - class com.almasb.fxgl.ui.FXGLUIFactoryServiceProvider
20:05:18.534 [FXGL Background Thread 3 ] DEBUG Engine               - class com.almasb.fxgl.ui.FXGLDialogFactoryServiceProvider
20:05:18.534 [FXGL Background Thread 3 ] DEBUG Engine               - class com.almasb.fxgl.audio.AudioPlayer
20:05:18.534 [FXGL Background Thread 3 ] DEBUG Engine               - class com.almasb.fxgl.notification.impl.NotificationServiceProvider
20:05:18.534 [FXGL Background Thread 3 ] DEBUG Engine               - class com.almasb.fxgl.achievement.AchievementService
20:05:18.534 [FXGL Background Thread 3 ] DEBUG Engine               - class com.almasb.fxgl.cutscene.CutsceneService
20:05:18.534 [FXGL Background Thread 3 ] DEBUG Engine               - class com.almasb.fxgl.minigames.MiniGameService
20:05:18.534 [FXGL Background Thread 3 ] DEBUG Engine               - class com.almasb.fxgl.net.NetService
20:05:18.534 [FXGL Background Thread 3 ] DEBUG Engine               - class com.almasb.fxgl.app.services.UpdaterService
20:05:18.534 [FXGL Background Thread 3 ] DEBUG Engine               - class com.almasb.fxgl.dev.DevService
20:05:18.810 [JavaFX Application Thread] DEBUG FXGLApplication      - Exiting FXGL
20:05:18.810 [JavaFX Application Thread] DEBUG Async                - Shutting down background threads
20:05:18.810 [JavaFX Application Thread] DEBUG PrimaryStageWindow   - Closing main window
20:05:18.818 [JavaFX Application Thread] DEBUG Logger               - Closing Logger
