19:41:32.282 [main                     ] DEBUG Logger               - Configured Logger
19:41:32.301 [main                     ] DEBUG GameApplication      - Logging settings
Title: Basic Game App
Version: 0.1
Width: 600
Height: 600
Fullscreen: false
Intro: false
Profiling: false
Single step:false
App Mode: DEVELOPER
Menu Key: ESCAPE
Stage Style: DECORATED
Scene Factory: class com.almasb.fxgl.app.scene.SceneFactory

19:41:32.608 [JavaFX Application Thread] DEBUG FXGLApplication      - Initializing FXGL
19:41:32.612 [JavaFX Application Thread] INFO  Engine               - FXGL-17.2 (20.08.2022 16.50) on WINDOWS (J:19 FX:19-ea)
19:41:32.613 [JavaFX Application Thread] DEBUG Engine               - JRE Vendor Name: Oracle Corporation
19:41:32.613 [JavaFX Application Thread] DEBUG Engine               - Running on OS: Windows 11 version 10.0
19:41:32.613 [JavaFX Application Thread] DEBUG Engine               - Architecture: amd64
19:41:32.613 [JavaFX Application Thread] INFO  Engine               - Source code and latest versions at: https://github.com/AlmasB/FXGL
19:41:32.613 [JavaFX Application Thread] INFO  Engine               -       Ask questions and discuss at: https://github.com/AlmasB/FXGL/discussions
19:41:32.613 [JavaFX Application Thread] INFO  Engine               -              Join the FXGL chat at: https://gitter.im/AlmasB/FXGL
19:41:32.677 [JavaFX Application Thread] DEBUG PrimaryStageWindow   - Creating a JavaFX scene
19:41:32.709 [JavaFX Application Thread] DEBUG PrimaryStageWindow   - Target settings size: 600.0 x 600.0
19:41:32.709 [JavaFX Application Thread] DEBUG PrimaryStageWindow   - Scaled scene size:    600.0 x 600.0
19:41:32.709 [JavaFX Application Thread] DEBUG PrimaryStageWindow   - Scaled ratio: (1.0, 1.0)
19:41:32.710 [JavaFX Application Thread] DEBUG PrimaryStageWindow   - Set initial scene to FXGLStartupScene
19:41:32.714 [JavaFX Application Thread] DEBUG PrimaryStageWindow   - Opening main window
19:41:32.778 [JavaFX Application Thread] DEBUG PrimaryStageWindow   - Window border size: (14.66668701171875, 37.33331298828125)
19:41:32.780 [JavaFX Application Thread] DEBUG PrimaryStageWindow   - Scaled size: 600.0 x 600.0
19:41:32.780 [JavaFX Application Thread] DEBUG PrimaryStageWindow   - Scaled ratio: (1.0, 1.0)
19:41:32.780 [JavaFX Application Thread] DEBUG PrimaryStageWindow   - Scene size: 600.0 x 600.0
19:41:32.780 [JavaFX Application Thread] DEBUG PrimaryStageWindow   - Stage size: 614.6666870117188 x 637.3333129882812
19:41:32.786 [FXGL Background Thread 1 ] DEBUG Engine               - Initializing environment variables
19:41:32.824 [FXGL Background Thread 1 ] DEBUG FXGLAssetLoaderServi - User app class for loading assets: class com.game.SnakeGameApplication
19:41:32.825 [FXGL Background Thread 1 ] DEBUG GameApplicationServi - Applying CSS: fxgl_dark.css
19:41:32.825 [FXGL Background Thread 1 ] DEBUG FXGLAssetLoaderServi - Loading from file system: jar:file:///C:/Users/Jone/.m2/repository/com/github/almasb/fxgl/17.2/fxgl-17.2.jar!/fxglassets/ui/css/fxgl_dark.css
19:41:32.856 [FXGL Background Thread 1 ] DEBUG GameApplicationServi - Initializing application scenes
19:41:32.879 [FXGL Background Thread 1 ] DEBUG GameWorld            - Game world initialized
19:41:32.929 [FXGL Background Thread 1 ] DEBUG PhysicsWorld         - Physics world initialized: appHeight=600, physics.ppm=50.0
19:41:32.930 [FXGL Background Thread 1 ] DEBUG PhysicsWorld         - Using strategy: BRUTE_FORCE
19:41:32.933 [FXGL Background Thread 1 ] DEBUG GameScene            - Game scene initialized: 600x600
19:41:32.941 [FXGL Background Thread 1 ] WARN  FXGL.DefaultMenu     - FXGLDefaultMenu is not designed for resolutions < 800x600
19:41:32.941 [FXGL Background Thread 1 ] DEBUG FXGL.DefaultMenu     - createMenuBodyGameMenu()
19:41:32.952 [FXGL Background Thread 1 ] DEBUG FXGL.DefaultMenu     - createOptionsMenu()
19:41:32.958 [FXGL Background Thread 1 ] DEBUG FXGLAssetLoaderServi - Loading from file system: jar:file:///C:/Users/Jone/.m2/repository/com/github/almasb/fxgl/17.2/fxgl-17.2.jar!/fxglassets/textures/particles/smoke.png
19:41:33.016 [FXGL Background Thread 1 ] DEBUG FXGLAssetLoaderServi - Loading from file system: jar:file:///C:/Users/Jone/.m2/repository/com/github/almasb/fxgl/17.2/fxgl-17.2.jar!/fxglassets/textures/particles/trace_horizontal.png
19:41:33.040 [FXGL Background Thread 1 ] DEBUG GameApplicationServi - Application scenes initialized
19:41:33.049 [FXGL Background Thread 1 ] DEBUG SystemBundleService  - Loading FXGL system data
19:41:33.053 [FXGL Background Thread 1 ] DEBUG FileSystemAccess     - Reading from: C:\Users\Jone\Documents\Nottingham Uni Work\dms cw\comp2013-coursework\system\fxgl.bundle
19:41:33.061 [FXGL Background Thread 1 ] DEBUG SystemBundleService  - Bundle FXGL: {}
19:41:33.062 [FXGL Background Thread 1 ] DEBUG UpdaterService       - Checking for updates
19:41:33.065 [FXGL Background Thread 4 ] DEBUG FXGLApplication      - Loading fonts
19:41:33.065 [FXGL Background Thread 4 ] DEBUG FXGLAssetLoaderServi - Loading from file system: jar:file:///C:/Users/Jone/.m2/repository/com/github/almasb/fxgl/17.2/fxgl-17.2.jar!/fxglassets/ui/fonts/VarelaRound-Regular.ttf
19:41:33.065 [FXGL Background Thread 1 ] DEBUG FXGLApplication      - Loading default localization
19:41:33.066 [FXGL Background Thread 1 ] DEBUG FXGLAssetLoaderServi - Loading from file system: jar:file:///C:/Users/Jone/.m2/repository/com/github/almasb/fxgl/17.2/fxgl-17.2.jar!/fxglassets/languages/english.lang
19:41:33.095 [FXGL Background Thread 1 ] INFO  FXGLApplication      - FXGL initialization took: 0.308 sec
19:41:33.095 [JavaFX Application Thread] DEBUG FXGLAssetLoaderServi - Loading from file system: jar:file:///C:/Users/Jone/.m2/repository/com/github/almasb/fxgl/17.2/fxgl-17.2.jar!/fxglassets/textures/fxgl_icon.png
19:41:33.120 [JavaFX Application Thread] DEBUG FXGLAssetLoaderServi - Loading from file system: jar:file:///C:/Users/Jone/.m2/repository/com/github/almasb/fxgl/17.2/fxgl-17.2.jar!/fxglassets/textures/fxgl_default_cursor.png
19:41:33.120 [FXGL Background Thread 4 ] DEBUG FXGLAssetLoaderServi - Loading from file system: jar:file:///C:/Users/Jone/.m2/repository/com/github/almasb/fxgl/17.2/fxgl-17.2.jar!/fxglassets/ui/fonts/Abel-Regular.ttf
19:41:33.123 [FXGL Background Thread 4 ] DEBUG FXGLAssetLoaderServi - Loading from file system: jar:file:///C:/Users/Jone/.m2/repository/com/github/almasb/fxgl/17.2/fxgl-17.2.jar!/fxglassets/ui/fonts/TerminalLandMono-Regular.otf
19:41:33.126 [FXGL Background Thread 4 ] DEBUG FXGLAssetLoaderServi - Loading from file system: jar:file:///C:/Users/Jone/.m2/repository/com/github/almasb/fxgl/17.2/fxgl-17.2.jar!/fxglassets/ui/fonts/Courier-Prime.ttf
19:41:33.130 [JavaFX Application Thread] DEBUG Input                - Registered new binding: Screenshot - CTRL+8
19:41:33.131 [JavaFX Application Thread] DEBUG Input                - Registered new binding: System info dump - CTRL+9
19:41:33.131 [JavaFX Application Thread] DEBUG Input                - Registered new binding: Restart - CTRL+R
19:41:33.131 [JavaFX Application Thread] DEBUG Input                - Registered new binding: Toggle Debug Camera - CTRL+7
19:41:33.134 [JavaFX Application Thread] DEBUG LoopRunner           - Starting loop
19:41:33.134 [JavaFX Application Thread] DEBUG LoopRunner           - Initializing JavaFX AnimationTimerLoop
19:41:33.134 [JavaFX Application Thread] DEBUG GameApplicationServi - Starting new game
19:41:33.135 [JavaFX Application Thread] DEBUG Input                - Clearing active input actions
19:41:33.144 [JavaFX Application Thread] DEBUG GameApplicationServi - Removing overlay from FXGLStartupScene and adding to FXGLLoadingScene
19:41:33.144 [JavaFX Application Thread] DEBUG PrimaryStageWindow   - FXGLStartupScene -> FXGLLoadingScene
19:41:33.145 [JavaFX Application Thread] DEBUG GameApplicationServi - Clearing previous game
19:41:33.145 [JavaFX Application Thread] DEBUG GameScene            - Clearing game scene
19:41:33.145 [JavaFX Application Thread] DEBUG GameWorld            - Clearing game world
19:41:33.145 [JavaFX Application Thread] DEBUG PhysicsWorld         - Clearing physics world
19:41:33.146 [JavaFX Application Thread] DEBUG FXGLApplication      - Registering font factories with UI factory
19:41:33.146 [FXGL Background Thread 4 ] DEBUG FXGLApplication      - Initializing game
19:41:33.163 [FXGL Background Thread 4 ] WARN  FXGLAssetLoaderServi - Asset "/assets/textures/snake-head.png" was not found!
19:41:33.163 [FXGL Background Thread 4 ] WARN  FXGLAssetLoaderServi - Failed to load RESIZABLE_IMAGE
19:41:33.218 [FXGL Background Thread 4 ] WARN  GameWorld            - Entity is already attached to world
19:41:33.218 [FXGL Background Thread 4 ] INFO  FXGLApplication      - Game initialization took: 0.072 sec
19:41:33.218 [JavaFX Application Thread] DEBUG Input                - Clearing active input actions
19:41:33.224 [JavaFX Application Thread] DEBUG GameApplicationServi - Removing overlay from FXGLLoadingScene and adding to GameScene
19:41:33.224 [JavaFX Application Thread] DEBUG PrimaryStageWindow   - FXGLLoadingScene -> GameScene
19:41:35.101 [JavaFX Application Thread] DEBUG FXGLApplication      - Exiting FXGL
19:41:35.101 [JavaFX Application Thread] DEBUG LoopRunner           - Stopping loop
19:41:35.101 [JavaFX Application Thread] DEBUG SystemBundleService  - Saving FXGL system data
19:41:35.102 [JavaFX Application Thread] DEBUG FileSystemAccess     - Writing to: C:\Users\Jone\Documents\Nottingham Uni Work\dms cw\comp2013-coursework\system\fxgl.bundle
19:41:35.104 [JavaFX Application Thread] DEBUG Async                - Shutting down background threads
19:41:35.104 [JavaFX Application Thread] DEBUG PrimaryStageWindow   - Closing main window
19:41:35.111 [JavaFX Application Thread] DEBUG Logger               - Closing Logger
